<?xml version="1.0" encoding="UTF-8"?>
<robot generator="Robot 4.1.2 (Python 3.8.5 on win32)" generated="20211213 22:47:29.426" rpa="false" schemaversion="2">
<suite id="s1" name="Tests" source="D:\Documents\DLSU Files\TERM 7\STSWENG\Robot-Framework\Tests">
<suite id="s1-s1" name="Resources" source="D:\Documents\DLSU Files\TERM 7\STSWENG\Robot-Framework\Tests\resources.robot">
<test id="s1-s1-t1" name="1">
<kw name="Open Browser" library="SeleniumLibrary">
<arg>https://www.saucedemo.com/</arg>
<arg>chrome</arg>
<doc>Opens a new browser instance to the optional ``url``.</doc>
<msg timestamp="20211213 22:47:29.634" level="INFO">Opening browser 'chrome' to base url 'https://www.saucedemo.com/'.</msg>
<status status="PASS" starttime="20211213 22:47:29.634" endtime="20211213 22:47:31.847"/>
</kw>
<kw name="Maximize Browser Window" library="SeleniumLibrary">
<doc>Maximizes current browser window.</doc>
<status status="PASS" starttime="20211213 22:47:31.848" endtime="20211213 22:47:31.981"/>
</kw>
<kw name="Input Text" library="SeleniumLibrary">
<arg>user-name</arg>
<arg>standard_user</arg>
<doc>Types the given ``text`` into the text field identified by ``locator``.</doc>
<msg timestamp="20211213 22:47:31.982" level="INFO">Typing text 'standard_user' into text field 'user-name'.</msg>
<status status="PASS" starttime="20211213 22:47:31.982" endtime="20211213 22:47:32.117"/>
</kw>
<kw name="Input Text" library="SeleniumLibrary">
<arg>password</arg>
<arg>secret_sauce</arg>
<doc>Types the given ``text`` into the text field identified by ``locator``.</doc>
<msg timestamp="20211213 22:47:32.118" level="INFO">Typing text 'secret_sauce' into text field 'password'.</msg>
<status status="PASS" starttime="20211213 22:47:32.117" endtime="20211213 22:47:32.221"/>
</kw>
<kw name="Click Button" library="SeleniumLibrary">
<arg>login-button</arg>
<doc>Clicks the button identified by ``locator``.</doc>
<msg timestamp="20211213 22:47:32.222" level="INFO">Clicking button 'login-button'.</msg>
<status status="PASS" starttime="20211213 22:47:32.222" endtime="20211213 22:47:32.329"/>
</kw>
<kw name="Element Text Should Be" library="SeleniumLibrary">
<arg>class:title</arg>
<arg>PRODUCTS</arg>
<doc>Verifies that element ``locator`` contains exact the text ``expected``.</doc>
<msg timestamp="20211213 22:47:32.330" level="INFO">Verifying element 'class:title' contains exact text 'PRODUCTS'.</msg>
<status status="PASS" starttime="20211213 22:47:32.330" endtime="20211213 22:47:32.589"/>
</kw>
<kw name="Close Browser" library="SeleniumLibrary" type="TEARDOWN">
<doc>Closes the current browser.</doc>
<status status="PASS" starttime="20211213 22:47:32.590" endtime="20211213 22:47:34.908"/>
</kw>
<status status="PASS" starttime="20211213 22:47:29.633" endtime="20211213 22:47:34.908"/>
</test>
<test id="s1-s1-t2" name="2">
<kw name="Open Browser" library="SeleniumLibrary">
<arg>https://www.saucedemo.com/</arg>
<arg>chrome</arg>
<doc>Opens a new browser instance to the optional ``url``.</doc>
<msg timestamp="20211213 22:47:34.911" level="INFO">Opening browser 'chrome' to base url 'https://www.saucedemo.com/'.</msg>
<status status="PASS" starttime="20211213 22:47:34.911" endtime="20211213 22:47:37.132"/>
</kw>
<kw name="Maximize Browser Window" library="SeleniumLibrary">
<doc>Maximizes current browser window.</doc>
<status status="PASS" starttime="20211213 22:47:37.133" endtime="20211213 22:47:37.257"/>
</kw>
<kw name="Input Text" library="SeleniumLibrary">
<arg>user-name</arg>
<arg>locked_out_user</arg>
<doc>Types the given ``text`` into the text field identified by ``locator``.</doc>
<msg timestamp="20211213 22:47:37.259" level="INFO">Typing text 'locked_out_user' into text field 'user-name'.</msg>
<status status="PASS" starttime="20211213 22:47:37.258" endtime="20211213 22:47:37.396"/>
</kw>
<kw name="Input Text" library="SeleniumLibrary">
<arg>password</arg>
<arg>secret_sauce</arg>
<doc>Types the given ``text`` into the text field identified by ``locator``.</doc>
<msg timestamp="20211213 22:47:37.397" level="INFO">Typing text 'secret_sauce' into text field 'password'.</msg>
<status status="PASS" starttime="20211213 22:47:37.397" endtime="20211213 22:47:37.494"/>
</kw>
<kw name="Click Button" library="SeleniumLibrary">
<arg>login-button</arg>
<doc>Clicks the button identified by ``locator``.</doc>
<msg timestamp="20211213 22:47:37.495" level="INFO">Clicking button 'login-button'.</msg>
<status status="PASS" starttime="20211213 22:47:37.495" endtime="20211213 22:47:37.556"/>
</kw>
<kw name="Element Text Should Be" library="SeleniumLibrary">
<arg>class:error-message-container</arg>
<arg>Epic sadface: Sorry, this user has been locked out.</arg>
<doc>Verifies that element ``locator`` contains exact the text ``expected``.</doc>
<msg timestamp="20211213 22:47:37.558" level="INFO">Verifying element 'class:error-message-container' contains exact text 'Epic sadface: Sorry, this user has been locked out.'.</msg>
<status status="PASS" starttime="20211213 22:47:37.557" endtime="20211213 22:47:37.583"/>
</kw>
<kw name="Close Browser" library="SeleniumLibrary" type="TEARDOWN">
<doc>Closes the current browser.</doc>
<status status="PASS" starttime="20211213 22:47:37.584" endtime="20211213 22:47:39.837"/>
</kw>
<status status="PASS" starttime="20211213 22:47:34.910" endtime="20211213 22:47:39.837"/>
</test>
<test id="s1-s1-t3" name="3">
<kw name="Open Browser" library="SeleniumLibrary">
<arg>https://www.saucedemo.com/</arg>
<arg>chrome</arg>
<doc>Opens a new browser instance to the optional ``url``.</doc>
<msg timestamp="20211213 22:47:39.840" level="INFO">Opening browser 'chrome' to base url 'https://www.saucedemo.com/'.</msg>
<status status="PASS" starttime="20211213 22:47:39.840" endtime="20211213 22:47:41.839"/>
</kw>
<kw name="Maximize Browser Window" library="SeleniumLibrary">
<doc>Maximizes current browser window.</doc>
<status status="PASS" starttime="20211213 22:47:41.839" endtime="20211213 22:47:41.965"/>
</kw>
<kw name="Input Text" library="SeleniumLibrary">
<arg>user-name</arg>
<arg>standard_user</arg>
<doc>Types the given ``text`` into the text field identified by ``locator``.</doc>
<msg timestamp="20211213 22:47:41.967" level="INFO">Typing text 'standard_user' into text field 'user-name'.</msg>
<status status="PASS" starttime="20211213 22:47:41.966" endtime="20211213 22:47:42.128"/>
</kw>
<kw name="Input Text" library="SeleniumLibrary">
<arg>password</arg>
<arg>s3cret_sauce</arg>
<doc>Types the given ``text`` into the text field identified by ``locator``.</doc>
<msg timestamp="20211213 22:47:42.129" level="INFO">Typing text 's3cret_sauce' into text field 'password'.</msg>
<status status="PASS" starttime="20211213 22:47:42.129" endtime="20211213 22:47:42.248"/>
</kw>
<kw name="Click Button" library="SeleniumLibrary">
<arg>login-button</arg>
<doc>Clicks the button identified by ``locator``.</doc>
<msg timestamp="20211213 22:47:42.249" level="INFO">Clicking button 'login-button'.</msg>
<status status="PASS" starttime="20211213 22:47:42.248" endtime="20211213 22:47:42.320"/>
</kw>
<kw name="Element Text Should Be" library="SeleniumLibrary">
<arg>class:error-message-container</arg>
<arg>Epic sadface: Username and password do not match any user in this service</arg>
<doc>Verifies that element ``locator`` contains exact the text ``expected``.</doc>
<msg timestamp="20211213 22:47:42.321" level="INFO">Verifying element 'class:error-message-container' contains exact text 'Epic sadface: Username and password do not match any user in this service'.</msg>
<status status="PASS" starttime="20211213 22:47:42.320" endtime="20211213 22:47:42.347"/>
</kw>
<kw name="Close Browser" library="SeleniumLibrary" type="TEARDOWN">
<doc>Closes the current browser.</doc>
<status status="PASS" starttime="20211213 22:47:42.348" endtime="20211213 22:47:44.611"/>
</kw>
<status status="PASS" starttime="20211213 22:47:39.839" endtime="20211213 22:47:44.611"/>
</test>
<doc>A test suite for the test cases for the SauceDemo website

This test follows the example using keywords fomr the SeleniumLibary
</doc>
<status status="PASS" starttime="20211213 22:47:29.454" endtime="20211213 22:47:44.614"/>
</suite>
<status status="PASS" starttime="20211213 22:47:29.429" endtime="20211213 22:47:44.618"/>
</suite>
<statistics>
<total>
<stat pass="3" fail="0" skip="0">All Tests</stat>
</total>
<tag>
</tag>
<suite>
<stat pass="3" fail="0" skip="0" id="s1" name="Tests">Tests</stat>
<stat pass="3" fail="0" skip="0" id="s1-s1" name="Resources">Tests.Resources</stat>
</suite>
</statistics>
<errors>
</errors>
</robot>
